hyperlane core deploy
Hyperlane CLI
Hyperlane permissionless deployment
------------------------------------------------
? Select chain to connect: arbitrum

Deployment plan
===============
Transaction signer and owner of new contracts: 0x96E82161fbC0a755704d04Fd9EbF3ee9099488e4
Deploying core contracts to network: arbitrum
┌────────────────────────┬─────────────────────────────────┐
│ (index)                │ Values                          │
├────────────────────────┼─────────────────────────────────┤
│ Name                   │ 'arbitrum'                      │
│ Display Name           │ 'Arbitrum'                      │
│ Chain ID               │ 42161                           │
│ Domain ID              │ 42161                           │
│ Protocol               │ 'ethereum'                      │
│ JSON RPC URL           │ 'https://arbitrum.llamarpc.com' │
│ Native Token: Symbol   │ 'ETH'                           │
│ Native Token: Name     │ 'Ether'                         │
│ Native Token: Decimals │ 18                              │
└────────────────────────┴─────────────────────────────────┘
Note: There are several contracts required for each chain, but contracts in your provided registries will be skipped.
? Is this deployment plan correct? yes
Running pre-flight checks for chains...
✅ Chains are valid
✅ Signer is valid
✅ Balances are sufficient
All systems ready, captain! Beginning deployment...
Deploying to arbitrum from https://arbiscan.io/address/0x96E82161fbC0a755704d04Fd9EbF3ee9099488e4
Deploy staticMerkleRootMultisigIsmFactory on arbitrum with constructor args ()
Pending https://arbiscan.io/tx/0x43c2cb65797026269fc5022cc9c101902f2e11ffd5743c6e9baa94479869b4ae (waiting 1 blocks for confirmation)
Deploy staticMessageIdMultisigIsmFactory on arbitrum with constructor args ()
Pending https://arbiscan.io/tx/0x25506dce73f520c551aa27b54c6036f150880726dfca3edc12933fa53181fa50 (waiting 1 blocks for confirmation)
Deploy staticAggregationIsmFactory on arbitrum with constructor args ()
Pending https://arbiscan.io/tx/0xc3e6181a773ae49cc06df8cd91ccc4cf77af733cb0b265a9dafcebc0c6b543b1 (waiting 1 blocks for confirmation)
Deploy staticAggregationHookFactory on arbitrum with constructor args ()
Pending https://arbiscan.io/tx/0xc12c0c03ddf6c4f0c60859af69c653cc7977b7d138a2e640fea05621690d7f5f (waiting 1 blocks for confirmation)
Deploy domainRoutingIsmFactory on arbitrum with constructor args ()
Pending https://arbiscan.io/tx/0x0c84bb25f60cac17a03e2e8dd6b68b0095131df4a222fe6ad066eed8932036a3 (waiting 1 blocks for confirmation)
Successfully deployed contracts on arbitrum
Deploy proxyAdmin on arbitrum with constructor args ()
Pending https://arbiscan.io/tx/0x0edf163c06916484bc84e94c2a730f86ad9c4b5f363d1b351035a14fe99d97ea (waiting 1 blocks for confirmation)
Deploy mailbox on arbitrum with constructor args (42161)
Pending https://arbiscan.io/tx/0x203ed218532e46b1565cf7cc4e3ca75adb015eb54bab9c95aee4c058545f2e1e (waiting 1 blocks for confirmation)
Deploy TransparentUpgradeableProxy on arbitrum with constructor args (0x61efCFfd4aFFb6FC466b605A4d77E9b015833b05, 0x3F50a31199afF64525e01579c54B5AA1B1F1B8E2, 0x)
Pending https://arbiscan.io/tx/0x0a2034690191947e336343e15eb4a82d9edac65b327f9fcf8818dc8e16d157d7 (waiting 1 blocks for confirmation)
Pending https://arbiscan.io/tx/0x9dc9a2783ee41bebb8a8dd813e0e5128658c9c560646bf05d7266a6bdc08c1d4 (waiting 1 blocks for confirmation)
Pending https://arbiscan.io/tx/0x2b0413e2cc5cb75c27f44ff0f406f5506417334c4db65501b7fb6a140295643d (waiting 1 blocks for confirmation)
Pending https://arbiscan.io/tx/0xd6bfb0d6865a90245633a9ae22526ce824e469b69a5111ed80d8b414baeeeb46 (waiting 1 blocks for confirmation)
Deploy merkleTreeHook on arbitrum with constructor args (0x6e783d6C0eFc01B25a4a3275E066dbd98B589572)
Pending https://arbiscan.io/tx/0x41de35c1c02deb12b07626244934340b04afdeb37accdbb39e5056aaf2401907 (waiting 1 blocks for confirmation)
Deploy protocolFee on arbitrum with constructor args (2000000000000000000, 1000000000000000000, 0x96E82161fbC0a755704d04Fd9EbF3ee9099488e4, 0x96E82161fbC0a755704d04Fd9EbF3ee9099488e4)
Pending https://arbiscan.io/tx/0x8072021581ef2f0fea2cdb167c2a38c204b8d8326ef2a12fb15fa8f6b6f866c4 (waiting 1 blocks for confirmation)
Pending https://arbiscan.io/tx/0xc8e67b95826028f5960f14be4cbdaf52d167517c028adf4d6105fdf9d088edb8 (waiting 1 blocks for confirmation)
Pending https://arbiscan.io/tx/0xe4502c3a9faff8c0b8eba5207287181bd348f79e9fa21d503374108ea1d372d5 (waiting 1 blocks for confirmation)
Deploy interchainAccountIsm on arbitrum with constructor args (0x6e783d6C0eFc01B25a4a3275E066dbd98B589572)
Pending https://arbiscan.io/tx/0x6fe5e3a6c7f34a7534d22acebab331f965fce6f69b4b2d565e42a9976d85f7dc (waiting 1 blocks for confirmation)
Deploy proxyAdmin on arbitrum with constructor args ()
Pending https://arbiscan.io/tx/0x33073737104553170d99a031b5ecd0eff6cf9abc6a7d361420ca4e48965a4a2c (waiting 1 blocks for confirmation)
Deploy interchainAccountRouter on arbitrum with constructor args (0x6e783d6C0eFc01B25a4a3275E066dbd98B589572)
Pending https://arbiscan.io/tx/0x4a18dc525efdd9ce7de020b7f2e9248c560503004733fbdd7464552f94c3cac4 (waiting 1 blocks for confirmation)
Pending https://arbiscan.io/tx/0x44db9ea88905c57bb611beda8f18f07759abbb1ba06845bbdeb1dcc76a1b1a19 (waiting 1 blocks for confirmation)
Deploy TransparentUpgradeableProxy on arbitrum with constructor args (0xd21De80066561052822882B6e387E8ce68120930, 0x3F04e1d1736E354F1c56d26b4A19ac4108550a91, 0xc0c53b8b0000000000000000000000000000000000000000000000000000000000000000000000000000000000000000fe9937cd4f712fc81eb89a018a7f2786b14e599f00000000000000000000000096e82161fbc0a755704d04fd9ebf3ee9099488e4)
Pending https://arbiscan.io/tx/0x8a55d93b6e79639e28656989736e9d3bf69621c5491b9d453cb9da494c717ef9 (waiting 1 blocks for confirmation)
Deploy validatorAnnounce on arbitrum with constructor args (0x6e783d6C0eFc01B25a4a3275E066dbd98B589572)
Pending https://arbiscan.io/tx/0x998db0110631661702d7dcda5f830236f44b3493fb1f3007be2c9c76c4be083a (waiting 1 blocks for confirmation)
Deploy testRecipient on arbitrum with constructor args ()
Pending https://arbiscan.io/tx/0x4a2fd8d2e7a428fde6f4c26e3cf4b9a4cca5540fd3322429be664566ffe5d7ef (waiting 1 blocks for confirmation)
Sent tx 0xe0c3cdab4d4ac6745dfcd197bc308fa6862ea9278e6c86126c80cd13fff887ff
Pending https://arbiscan.io/tx/0xe0c3cdab4d4ac6745dfcd197bc308fa6862ea9278e6c86126c80cd13fff887ff (waiting 1 blocks for confirmation)
⛽️ Gas Usage Statistics
	- Gas required for core deploy on arbitrum: 0.000902211932373 ETH
Skipping updating chain arbitrum at github registry
Now updating chain arbitrum at filesystem registry at /home/wangyu/.hyperlane
Done updating chain arbitrum at filesystem registry
✅ Core contract deployments complete:

    staticMerkleRootMultisigIsmFactory: "0x4891A979c9533eBC2dDA48742F19D06Af6b63454"
    staticMessageIdMultisigIsmFactory: "0x87Aab9D1Dc62a17Dca27d01063817aCe4dEddEfe"
    staticAggregationIsmFactory: "0x3B3d7714164eD4994F7362C99C2fc27adf51a5Da"
    staticAggregationHookFactory: "0x0C9Eb7c9406E1570a98ebA3E411b740eE8791A6c"
    domainRoutingIsmFactory: "0xA513d7FDC3046401023202EEF34fA77897D10C51"
    proxyAdmin: "0x3F50a31199afF64525e01579c54B5AA1B1F1B8E2"
    mailbox: "0x6e783d6C0eFc01B25a4a3275E066dbd98B589572"
    interchainAccountRouter: "0x009A7926784FB4AE3435d1a24647e306BeE57439"
    interchainAccountIsm: "0xfE9937cD4f712fC81Eb89A018A7F2786B14E599f"
    validatorAnnounce: "0x1f7a7b34879aabeb0e0Aa7e829aE4DaF8047F3a9"
    testRecipient: "0xd2c768C125Ab9357578a4BfabCAdb54C47727bCb"
    
